<?xml version="1.0" encoding="UTF-8"?>
<!-- Generated by org.testng.reporters.JUnitXMLReporter -->
<testsuite hostname="DESKTOP-FEL46G5" ignored="4" name="Default test" tests="1" failures="0" timestamp="10 Sep 2020 06:54:07 GMT" time="0.872" errors="0">
  <testcase name="TC201" time="0.006" classname="testScripts.Module2"/>
  <testcase name="TC202" time="0.0" classname="testScripts.Module2">
    <ignored/>
  </testcase> <!-- TC202 -->
  <testcase name="TC203" time="0.0" classname="testScripts.Module2">
    <ignored/>
  </testcase> <!-- TC203 -->
  <testcase name="TC206" time="0.0" classname="testScripts.Module2">
    <ignored/>
  </testcase> <!-- TC206 -->
  <testcase name="TC204" time="0.0" classname="testScripts.Module2">
    <ignored/>
  </testcase> <!-- TC204 -->
</testsuite> <!-- Default test -->
