<?xml version="1.0" encoding="UTF-8"?>
<testng-results skipped="0" failed="0" ignored="4" total="5" passed="1">
  <reporter-output>
  </reporter-output>
  <suite name="Default suite" duration-ms="872" started-at="2020-09-10T06:54:06Z" finished-at="2020-09-10T06:54:07Z">
    <groups>
    </groups>
    <test name="Default test" duration-ms="872" started-at="2020-09-10T06:54:06Z" finished-at="2020-09-10T06:54:07Z">
      <class name="testScripts.Module2">
        <test-method status="PASS" signature="beforesuite()[pri:0, instance:testScripts.Module2@3ecd23d9]" name="beforesuite" is-config="true" duration-ms="203" started-at="2020-09-10T06:54:06Z" finished-at="2020-09-10T06:54:06Z">
          <reporter-output>
          </reporter-output>
        </test-method> <!-- beforesuite -->
        <test-method status="PASS" signature="beforemethod(org.testng.ITestContext)[pri:0, instance:testScripts.Module2@3ecd23d9]" name="beforemethod" is-config="true" duration-ms="795" started-at="2020-09-10T06:54:06Z" finished-at="2020-09-10T06:54:07Z">
          <params>
            <param index="0">
              <value>
                <![CDATA[org.testng.TestRunner@1950e8a6]]>
              </value>
            </param>
          </params>
          <reporter-output>
          </reporter-output>
        </test-method> <!-- beforemethod -->
        <test-method status="PASS" signature="TC201()[pri:0, instance:testScripts.Module2@3ecd23d9]" name="TC201" duration-ms="6" started-at="2020-09-10T06:54:07Z" finished-at="2020-09-10T06:54:07Z">
          <reporter-output>
          </reporter-output>
        </test-method> <!-- TC201 -->
        <test-method status="PASS" signature="aftermethod(org.testng.ITestResult, org.testng.ITestContext)[pri:0, instance:testScripts.Module2@3ecd23d9]" name="aftermethod" is-config="true" duration-ms="52" started-at="2020-09-10T06:54:07Z" finished-at="2020-09-10T06:54:07Z">
          <params>
            <param index="0">
              <value>
                <![CDATA[[TestResult name=TC201 status=SUCCESS method=Module2.TC201()[pri:0, instance:testScripts.Module2@3ecd23d9] output={null}]]]>
              </value>
            </param>
            <param index="1">
              <value>
                <![CDATA[org.testng.TestRunner@1950e8a6]]>
              </value>
            </param>
          </params>
          <reporter-output>
          </reporter-output>
        </test-method> <!-- aftermethod -->
        <test-method status="PASS" signature="aftersuite()[pri:0, instance:testScripts.Module2@3ecd23d9]" name="aftersuite" is-config="true" duration-ms="5634" started-at="2020-09-10T06:54:07Z" finished-at="2020-09-10T06:54:13Z">
          <reporter-output>
          </reporter-output>
        </test-method> <!-- aftersuite -->
      </class> <!-- testScripts.Module2 -->
    </test> <!-- Default test -->
  </suite> <!-- Default suite -->
</testng-results>
